make all --print-data-base --no-builtin-variables --no-builtin-rules --question
# GNU Make 3.81
# Copyright (C) 2006  Free Software Foundation, Inc.
# This is free software; see the source for copying conditions.
# There is NO warranty; not even for MERCHANTABILITY or FITNESS FOR A
# PARTICULAR PURPOSE.

# This program built for i386-apple-darwin11.3.0
 

# Make data base, printed on Sat Jun 11 22:48:56 2022

# Variables

# automatic
<D = $(patsubst %/,%,$(dir $<))
# automatic
?F = $(notdir $?)
# environment
PROVIDE_FULLSTACK_ACTION = true
# makefile (from `Makefile', line 20)
MAIN_FILE := "main.go"
# environment
VSCODE_LOG_NATIVE = false
# automatic
?D = $(patsubst %/,%,$(dir $?))
# automatic
@D = $(patsubst %/,%,$(dir $@))
# automatic
@F = $(notdir $@)
# makefile
CURDIR := /Users/kidustiliksew/Desktop/work/emr/emr-2020/tensoremr-server
# makefile
SHELL = /bin/sh
# environment
VSCODE_NLS_CONFIG = {"locale":"en-us","availableLanguages":{},"_languagePackSupport":true}
# environment
_ = /usr/bin/make
# makefile (from `Makefile', line 1)
MAKEFILE_LIST :=  Makefile
# environment
VSCODE_AMD_ENTRYPOINT = vs/workbench/api/node/extensionHostProcess
# makefile (from `Makefile', line 24)
VERSION := 0.1.0
# environment
VSCODE_VERBOSE_LOGGING = true
# environment
__CFBundleIdentifier = com.microsoft.VSCode
# environment
 
VSCODE_IPC_HOOK_EXTHOST = /var/folders/bc/bldhvp756414fq3sjrp6941w0000gn/T/vscode-ipc-35142d2c-8173-4e2e-901e-fa3b936ed4f4.sock
# environment
VSCODE_CWD = /
# environment
GOPROXY = https://proxy.golang.org,direct
# environment
PATH = /opt/homebrew/bin:/opt/homebrew/bin:/Users/kidustiliksew/google-cloud-sdk/bin:/usr/local/bin:/usr/bin:/bin:/usr/sbin:/sbin:/usr/local/go/bin:/Library/Apple/usr/bin:/Users/kidustiliksew/development/flutter/bin:/Users/kidustiliksew/go/bin
# environment
GOLANG_EXECUTABLE = go
# environment
THREE_SCALE_USER_TOKEN = 207c527cfc2a6b8dcf4fa43ad7a976da
# environment
GOPATH = /Users/kidustiliksew/go
# makefile (from `Makefile', line 21)
PKG_LIST := github.com/Tensor-Systems/tensoremr-server github.com/Tensor-Systems/tensoremr-server/pkg/auth github.com/Tensor-Systems/tensoremr-server/pkg/conf github.com/Tensor-Systems/tensoremr-server/pkg/controller github.com/Tensor-Systems/tensoremr-server/pkg/graphql/graph github.com/Tensor-Systems/tensoremr-server/pkg/graphql/graph/generated github.com/Tensor-Systems/tensoremr-server/pkg/graphql/graph/model github.com/Tensor-Systems/tensoremr-server/pkg/jwt github.com/Tensor-Systems/tensoremr-server/pkg/middleware github.com/Tensor-Systems/tensoremr-server/pkg/repository github.com/Tensor-Systems/tensoremr-server/pkg/server github.com/Tensor-Systems/tensoremr-server/pkg/util
# environment
VSCODE_LOG_STACK = false
# environment
ELECTRON_RUN_AS_NODE = 1
# default
.FEATURES := target-specific order-only second-expansion else-if archives jobserver check-symlink
# environment
UUID = f9beaa15-95e4-4fa7-be0e-bfa13e68c5f2
# environment
SSH_AUTH_SOCK = /private/tmp/com.apple.launchd.GBp6vnSnSm/Listeners
# automatic
%F = $(notdir $%)
# environment
VSCODE_PIPE_LOGGING = true
# environment
PWD = /Users/kidustiliksew/Desktop/work/emr/emr-2020/tensoremr-server
# makefile (from `Makefile', line 19)
PKG := "github.com/Tensor-Systems/tensoremr-server"
# environment
ORIGINAL_XDG_CURRENT_DESKTOP = undefined
# environment
GOMODCACHE = /Users/kidustiliksew/go/pkg/mod
# environment
HOME = /Users/kidustiliksew
# default
MAKEFILEPATH := /Applications/Xcode.app/Contents/Developer/Makefiles
# environment
VSCODE_CODE_CACHE_PATH = /Users/kidustiliksew/Library/Application Support/Code/CachedData/c3511e6c69bb39013c4a4b7b9566ec1ca73fc4d5
# environment
LOGNAME = kidustiliksew
# environment
APPLICATION_INSIGHTS_NO_DIAGNOSTIC_CHANNEL = 1
# environment
TELEMETRY_ID = 3651249d-30b6-46df-bb82-e5ad17244d9b
# environment
VSCODE_HANDLES_UNCAUGHT_ERRORS = true
# automatic
^D = $(patsubst %/,%,$(dir $^))
# environment
XPC_FLAGS = 0x0
# default
MAKE = $(MAKE_COMMAND)
# default
MAKECMDGOALS := all
# environment
SHLVL = 1
# default
MAKE_VERSION := 3.81
# environment
USER = kidustiliksew
# makefile
.DEFAULT_GOAL := all
# automatic
%D = $(patsubst %/,%,$(dir $%))
# default
MAKE_COMMAND := /Applications/Xcode.app/Contents/Developer/usr/bin/make
# environment
UTM_SOURCE = vscode
# default
.VARIABLES := 
# environment
TMPDIR = /var/folders/bc/bldhvp756414fq3sjrp6941w0000gn/T/
# automatic
*F = $(notdir $*)
# environment
VSCODE_IPC_HOOK = /Users/kidustiliksew/Library/Application Support/Code/1.67.2-main.sock
# makefile
MAKEFLAGS = Rrqp
# environment
MFLAGS = -Rrqp
# automatic
*D = $(patsubst %/,%,$(dir $*))
# environment
XPC_SERVICE_NAME = application.com.microsoft.VSCode.67930424.67930430
# automatic
+D = $(patsubst %/,%,$(dir $+))
# environment
RECOMMENDER_API_URL = https://gw.api.openshift.io//api/v2
# automatic
+F = $(notdir $+)
# environment
__CF_USER_TEXT_ENCODING = 0x1F5:0x0:0x0
# environment
COMMAND_MODE = unix2003
# default
MAKEFILES := 
# automatic
<F = $(notdir $<)
# makefile (from `Makefile', line 26)
LINTERS := github.com/rakyll/gotest golang.org/x/lint/golint honnef.co/go/tools/cmd/staticcheck
# makefile (from `Makefile', line 18)
PROJECT_NAME := "tensoremr-server"
# environment
LC_ALL = C
# automatic
^F = $(notdir $^)
# default
SUFFIXES := 
# default
.INCLUDE_DIRS = /usr/local/include
# makefile (from `Makefile', line 22)
GO_FILES := ./main.go ./pkg/jwt/jwt.go ./pkg/middleware/middleware.go ./pkg/repository/ophthalmology_exam.go ./pkg/repository/models.go ./pkg/repository/physical_exam_finding.go ./pkg/repository/surgical_procedure_type.go ./pkg/repository/allergy.go ./pkg/repository/chat_delete.go ./pkg/repository/system_symptom.go ./pkg/repository/favorite_diagnosis.go ./pkg/repository/exam_finding.go ./pkg/repository/billing.go ./pkg/repository/referral_order.go ./pkg/repository/treatment.go ./pkg/repository/payment_waiver.go ./pkg/repository/surgical_order.go ./pkg/repository/system.go ./pkg/repository/treatment_order.go ./pkg/repository/past_hospitalization.go ./pkg/repository/user.go ./pkg/repository/user_type.go ./pkg/repository/family_illness.go ./pkg/repository/patient_encounter_limit.go ./pkg/repository/past_opt_surgery.go ./pkg/repository/lifestyle_type.go ./pkg/repository/favorite_medication.go ./pkg/repository/ocular_motility.go ./pkg/repository/chief_complaint.go ./pkg/repository/follow_up.go ./pkg/repository/vital_signs.go ./pkg/repository/queue_destination.go ./pkg/repository/diagnosis.go ./pkg/repository/past_illness.go ./pkg/repository/surgical_procedure.go ./pkg/repository/page.go ./pkg/repository/visit_type.go ./pkg/repository/past_injury.go ./pkg/repository/chat_message.go ./pkg/repository/order.go ./pkg/repository/hpi_component_type.go ./pkg/repository/eyewear_prescription.go ./pkg/repository/chief_complaint_type.go ./pkg/repository/patient_diagnosis.go ./pkg/repository/chat_member.go ./pkg/repository/patient.go ./pkg/repository/medical_prescription_order.go ./pkg/repository/lab_type.go ./pkg/repository/amendment.go ./pkg/repository/exam_category.go ./pkg/repository/patient_queue.go ./pkg/repository/favorite_chief_complaint.go ./pkg/repository/cover_test_entity.go ./pkg/repository/organization_details.go ./pkg/repository/auto_refraction.go ./pkg/repository/slit_lamp_exam.go ./pkg/repository/diagnostic_procedure.go ./pkg/repository/chat_mute.go ./pkg/repository/funduscopy.go ./pkg/repository/optic_disc.go ./pkg/repository/diagnostic_procedure_order.go ./pkg/repository/file.go ./pkg/repository/diagnostic_procedure_type.go ./pkg/repository/eyewear_shop.go ./pkg/repository/appointment_queue.go ./pkg/repository/chat.go ./pkg/repository/review_of_system.go ./pkg/repository/past_illness_type.go ./pkg/repository/medical_prescription.go ./pkg/repository/lab_order.go ./pkg/repository/pupils.go ./pkg/repository/supply.go ./pkg/repository/lifestyle.go ./pkg/repository/treatment_type.go ./pkg/repository/past_surgery.go ./pkg/repository/lab.go ./pkg/repository/pharmacy.go ./pkg/repository/room.go ./pkg/repository/referral.go ./pkg/repository/iop.go ./pkg/repository/payment.go ./pkg/repository/eyewear_prescription_order.go ./pkg/repository/chat_unread_message.go ./pkg/repository/visual_acuity.go ./pkg/repository/appointment.go ./pkg/repository/external_exam.go ./pkg/repository/patient_history.go ./pkg/repository/patient_chart.go ./pkg/repository/hpi_component.go ./pkg/repository/queue_subscription.go ./pkg/repository/appointment_status.go ./pkg/repository/follow_up_order.go ./pkg/util/util.go ./pkg/auth/auth.go ./pkg/server/server.go ./pkg/controller/user_type.go ./pkg/controller/test.go ./pkg/controller/rxnorm.go ./pkg/controller/patient_queue.go ./pkg/controller/organization_details.go ./pkg/graphql/graph/generated/generated.go ./pkg/graphql/graph/prescription.resolvers.go ./pkg/graphql/graph/treatment.resolvers.go ./pkg/graphql/graph/lifestyle_type.resolvers.go ./pkg/graphql/graph/room.resolvers.go ./pkg/graphql/graph/physical_exam.resolvers.go ./pkg/graphql/graph/eyewear_shop.resolvers.go ./pkg/graphql/graph/review_of_systems.resolvers.go ./pkg/graphql/graph/page.go ./pkg/graphql/graph/surgical_procedure.resolvers.go ./pkg/graphql/graph/favorite_diagnosis.resolvers.go ./pkg/graphql/graph/favorite_chief_complaints.resolvers.go ./pkg/graphql/graph/organization_details.resolvers.go ./pkg/graphql/graph/past_illness_type.resolvers.go ./pkg/graphql/graph/appointment.resolvers.go ./pkg/graphql/graph/search.resolvers.go ./pkg/graphql/g 
raph/billing.resolvers.go ./pkg/graphql/graph/pharmacy.resolvers.go ./pkg/graphql/graph/allergy.resolvers.go ./pkg/graphql/graph/visit_type.resolvers.go ./pkg/graphql/graph/user.resolvers.go ./pkg/graphql/graph/supply.resolvers.go ./pkg/graphql/graph/resolver.go ./pkg/graphql/graph/patient_encounter_limit.resolvers.go ./pkg/graphql/graph/referral.resolvers.go ./pkg/graphql/graph/patient_diagnosis.resolvers.go ./pkg/graphql/graph/model/models_gen.go ./pkg/graphql/graph/patient_chart.resolvers.go ./pkg/graphql/graph/amendment.resolvers.go ./pkg/graphql/graph/chief_complaint_type.resolvers.go ./pkg/graphql/graph/chief_complaint.resolvers.go ./pkg/graphql/graph/lab.resolvers.go ./pkg/graphql/graph/follow_up.resolvers.go ./pkg/graphql/graph/hpi.resolvers.go ./pkg/graphql/graph/order.resolvers.go ./pkg/graphql/graph/file.resolvers.go ./pkg/graphql/graph/payment.resolvers.go ./pkg/graphql/graph/schema.resolvers.go ./pkg/graphql/graph/payment_waiver.resolvers.go ./pkg/graphql/graph/diagnosis.resolvers.go ./pkg/graphql/graph/notif.resolvers.go ./pkg/graphql/graph/diagnostic_procedure.resolvers.go ./pkg/graphql/graph/patient_history.resolvers.go ./pkg/graphql/graph/chat.resolvers.go ./pkg/graphql/graph/favorite_medication.resolvers.go ./pkg/graphql/graph/patient_queue.resolvers.go ./pkg/graphql/graph/patient.resolvers.go ./pkg/conf/config.go
# environment
MAKELEVEL := 0
# environment
LANG = C
# environment
VSCODE_PID = 928
# variable set hash-table stats:
# Load=79/1024=8%, Rehash=0, Collisions=3/109=3%

# Pattern-specific Variable Values

# No pattern-specific variable values.

# Directories

# . (device 16777233, inode 42251660): 28 files, no impossibilities.

# 28 files, no impossibilities in 1 directories.

# Implicit Rules

# No implicit rules.

# Files

staticcheck:
#  Phony target (prerequisite of .PHONY).
#  Implicit rule search has not been done.
#  File does not exist.
#  File has not been updated.

golint:
#  Phony target (prerequisite of .PHONY).
#  Implicit rule search has not been done.
#  File does not exist.
#  File has not been updated.

all: build
#  Phony target (prerequisite of .PHONY).
#  Command-line target.
#  Implicit rule search has not been done.
#  File does not exist.
#  File has been updated.
#  Needs to be updated (-q is set).
# variable set hash-table stats:
# Load=0/32=0%, Rehash=0, Collisions=0/2=0%

.PHONY: all init dep build clean test coverage coverhtml lint golint vet staticcheck
#  Implicit rule search has not been done.
#  Modification time never checked.
#  File has not been updated.

test-coverage:
#  Implicit rule search has not been done.
#  Modification time never checked.
#  File has not been updated.
#  commands to execute (from `Makefile', line 45):
	@go test -short -coverprofile cover.out -covermode=atomic ${PKG_LIST} 
	@cat cover.out >> coverage.txt
	

coverhtml:
#  Phony target (prerequisite of .PHONY).
#  Implicit rule search has not been done.
#  File does not exist.
#  File has not been updated.

# Not a target:
.SUFFIXES:
#  Implicit rule search has not been done.
#  Modification time never checked.
#  File has not been updated.

delete-connectors:
#  Implicit rule search has not been done.
#  Modification time never checked.
#  File has not been updated.
#  commands to execute (from `Makefile', line 78):
	@curl -i -X DELETE http://localhost:8083/connectors/tensoremr-postgres-connector/
	@curl -i -X DELETE localhost:8083/connectors/tensoremr-elastic-sink/
	@curl -i -X DELETE http://localhost:8083/connectors/tensoremr-jdbc-sink/
	

# Not a target:
Makefile:
#  Implicit rule search has been done.
#  Last modified 2022-04-04 08:49:32
#  File has been updated.
#  Successfully updated.
# variable set hash-table stats:
# Load=0/32=0%, Rehash=0, Collisions=0/0=0%

test:
#  Phony target (prerequisite of .PHONY).
#  Implicit rule search has not been done.
#  File does not exist.
#  File has not been updated.
#  commands to execute (from `Makefile', line 42):
	@go test -short ${PKG_LIST}
	

dep:
#  Phony target (prerequisite of .PHONY).
#  Implicit rule search has not been done.
#  Implicit/static pattern stem: `'
#  File does not exist.
#  File has been updated.
#  Needs to be updated (-q is set).
# automatic
# @ := dep
# automatic
# % := 
# automatic
# * := 
# automatic
# + := 
# automatic
# | := 
# automatic
# < := 
# automatic
# ^ := 
# automatic
# ? := 
# variable set hash-table stats:
# Load=8/32=25%, Rehash=0, Collisions=1/10=10%
#  commands to execute (from `Makefile', line 55):
	@go mod tidy
	

build: dep
#  Phony target (prerequisite of .PHONY).
#  Implicit rule search has not been done.
#  File does not exist.
#  File has been updated.
#  Needs to be updated (-q is set).
# variable set hash-table stats:
# Load=0/32=0%, Rehash=0, Collisions=0/2=0%
#  commands to execute (from `Makefile', line 64):
	@go build -o ./bin/$(PROJECT_NAME) ./$(MAIN_FILE)
	

testdep:
#  Implicit rule search has not been done.
#  Modification time never checked.
#  File has not been updated.
#  commands to execute (from `Makefile', line 58):
	@go get -v $(LINTERS)
	

vet: testdep
#  Phony target (prerequisite of .PHONY).
#  Implicit rule search has not been done.
#  File does not exist.
#  File has not been updated.
#  commands to execute (from `Makefile', line 39):
	@go vet ${PKG_LIST}
	

build-image:
#  Implicit rule search has not been done.
#  Modification time never checked.
#  File has not been updated.
#  commands to execute (from `Makefile', line 88):
	docker build -t docker.tensorsystems.net/tensoremr/server:$(VERSION) .
	

help:
#  Implicit rule search has not been done.
#  Modification time never checked.
#  File has not been updated.
#  commands to execute (from `Makefile', line 70):
	@grep -h -E '^[a-zA-Z_-]+:.*?## .*$$' $(MAKEFILE_LIST) | awk 'BEGIN {FS = ":.*?## "}; {printf "\033[36m%-30s\033[0m %s\n", $$1, $$2}
	

test-int:
#  Implicit rule search has not been done.
#  Modification time never checked.
#  File has not been updated.
#  commands to execute (from `Makefile', line 49):
	@go test -short -tags=integration ${PKG_LIST}
	

# Not a target:
.DEFAULT:
#  Implicit rule search has not been done.
#  Modification time never checked.
#  File has not been updated.

run:
#  Implicit rule search has not been done.
#  Modification time never checked.
#  File has not been updated.
#  commands to execute (from `Makefile', line 61):
	@go build -o ./bin/$(PROJECT_NAME) ./$(MAIN_FILE) && ./bin/$(PROJECT_NAME)
	

clean:
#  Phony target (prerequisite of .PHONY).
#  Implicit rule search has not been done.
#  File does not exist.
#  File has not been updated.
#  commands to execute (from `Makefile', line 67):
	@rm -f ./bin
	

coverage:
#  Phony target (prerequisite of .PHONY).
#  Implicit rule search has not been done.
#  File does not exist.
#  File has not been updated.
#  commands to execute (from `Makefile', line 52):
	./scripts/coverage.sh;
	

init:
#  Phony target (prerequisite of .PHONY).
#  Implicit rule search has not been done.
#  File does not exist.
#  File has not been updated.

lint: testdep
#  Phony target (prerequisite of .PHONY).
#  Implicit rule search has not been done.
#  File does not exist.
#  File has not been updated.
#  commands to execute (from `Makefile', line 36):
	@golint -set_exit_status ${PKG_LIST}
	

deploy:
#  Implicit rule search has not been done.
#  Modification time never checked.
#  File has not been updated.
#  commands to execute (from `Makefile', line 83):
	@export LD_LIBRARY_PATH=/usr/local/lib
	@docker-compose -f "docker-compose.yml" up -d --build
	register-connectors
	

register-connectors:
#  Implicit rule search has not been done.
#  Modification time never checked.
#  File has not been updated.
#  commands to execute (from `Makefile', line 73):
	@curl -i -X POST -H "Accept:application/json" -H  "Content-Type:application/json" http://localhost:8083/connectors/ -d @./register-tensoremr-postgres.json
	@curl -i -X POST -H "Accept:application/json" -H  "Content-Type:application/json" http://localhost:8083/connectors/ -d @./register-tensoremr-elastic-sink.json
 
	@curl -i -X POST -H "Accept:application/json" -H  "Content-Type:application/json" http://localhost:8083/connectors/ -d @./connectors/register-jdbc-sink.json
	

# files hash-table stats:
# Load=25/1024=2%, Rehash=0, Collisions=2/55=4%
# VPATH Search Paths

# No `vpath' search paths.

# No general (`VPATH' variable) search path.

# # of strings in strcache: 1
# # of strcache buffers: 1
# strcache size: total = 4096 / max = 4096 / min = 4096 / avg = 4096
# strcache free: total = 4087 / max = 4087 / min = 4087 / avg = 4087

# Finished Make data base on Sat Jun 11 22:48:56 2022

 
